<?xml version="1.0" encoding="UTF-8"?>
<!-- Generated by org.testng.reporters.JUnitReportReporter -->
<testsuite hostname="VGHOL0413" failures="0" tests="1" name="functionalTestcases.BrandPage" time="16.789" errors="0" timestamp="2024-07-16T09:28:28 IST" skipped="0">
  <testcase classname="functionalTestcases.BrandPage" name="homePage" time="16.789"/>
</testsuite> <!-- functionalTestcases.BrandPage -->
