<?xml version="1.0" encoding="UTF-8"?>
<!-- Generated by org.testng.reporters.JUnitReportReporter -->
<testsuite hostname="VGHOL0413" failures="0" tests="1" name="functionalTesting.HomePage" time="4.871" errors="0" timestamp="2024-07-16T10:00:02 IST" skipped="0">
  <testcase classname="functionalTesting.HomePage" name="functionalTesting" time="4.871"/>
</testsuite> <!-- functionalTesting.HomePage -->
