<?xml version="1.0" encoding="UTF-8"?>
<!-- Generated by org.testng.reporters.JUnitReportReporter -->
<testsuite hostname="VGHOL0413" failures="0" tests="1" name="functionalTestcases.BaseClass" time="10.468" errors="0" timestamp="2024-07-15T14:20:37 IST" skipped="0">
  <testcase classname="functionalTestcases.BaseClass" name="appiumConfigration" time="10.468"/>
</testsuite> <!-- functionalTestcases.BaseClass -->
